2022-06-27 15:19:47,275 [Worker-4: Loading available Gradle versions] INFO  o.e.b.c.i.u.g.PublishedGradleVersions - Gradle version information cache is out-of-date. Trying to update.
2022-06-28 09:31:17,818 [Worker-1: Loading available Gradle versions] INFO  o.e.b.c.i.u.g.PublishedGradleVersions - Gradle version information cache is up-to-date. Trying to read.
2022-06-28 12:00:01,367 [ModalContext] INFO  o.e.m.c.i.e.AbstractTransferListenerAdapter - Downloading https://repo1.maven.org/maven2/com/github/ywchang/maven-archetype-quickstart/1.1/maven-archetype-quickstart-1.1.jar
2022-06-28 12:00:01,858 [ModalContext] INFO  o.e.m.c.i.e.AbstractTransferListenerAdapter - Downloaded https://repo1.maven.org/maven2/com/github/ywchang/maven-archetype-quickstart/1.1/maven-archetype-quickstart-1.1.jar
2022-06-28 12:00:02,259 [ModalContext] INFO  o.e.m.c.i.e.AbstractTransferListenerAdapter - Downloading https://repo1.maven.org/maven2/com/github/ywchang/maven-archetype-quickstart/1.1/maven-archetype-quickstart-1.1.pom
2022-06-28 12:00:02,520 [ModalContext] INFO  o.e.m.c.i.e.AbstractTransferListenerAdapter - Downloaded https://repo1.maven.org/maven2/com/github/ywchang/maven-archetype-quickstart/1.1/maven-archetype-quickstart-1.1.pom
2022-06-28 12:02:15,340 [Worker-47: Creating maven-archetype-quickstart] INFO  o.e.m.c.i.p.ProjectConfigurationManager - Collecting project info '/pom.xml' C:\Users\NOVENKAT\OneDrive - Capgemini\Desktop\personal\Training\java\SpringAssignment\pom.xml
2022-06-28 12:02:16,680 [Worker-47: Creating maven-archetype-quickstart] INFO  o.e.m.c.i.e.AbstractTransferListenerAdapter - Downloading https://repo.maven.apache.org/maven2/org/apache/maven/plugins/maven-surefire-plugin/3.0.0-M5/maven-surefire-plugin-3.0.0-M5.jar
2022-06-28 12:02:17,050 [Worker-47: Creating maven-archetype-quickstart] INFO  o.e.m.c.i.e.AbstractTransferListenerAdapter - Downloaded https://repo.maven.apache.org/maven2/org/apache/maven/plugins/maven-surefire-plugin/3.0.0-M5/maven-surefire-plugin-3.0.0-M5.jar
2022-06-28 12:02:17,585 [Worker-47: Creating maven-archetype-quickstart] INFO  o.e.m.c.i.l.LifecycleMappingFactory - Using org.eclipse.m2e.jdt.JarLifecycleMapping lifecycle mapping for MavenProject: com.spring.assignment7:SpringAssignment:0.0.1-SNAPSHOT @ C:\Users\NOVENKAT\OneDrive - Capgemini\Desktop\personal\Training\java\SpringAssignment\pom.xml.
2022-06-28 12:02:18,319 [Worker-47: Creating maven-archetype-quickstart] INFO  o.e.m.c.i.e.AbstractTransferListenerAdapter - Downloading https://repo.maven.apache.org/maven2/org/junit/jupiter/junit-jupiter-engine/5.7.1/junit-jupiter-engine-5.7.1.pom
2022-06-28 12:02:18,687 [Worker-47: Creating maven-archetype-quickstart] INFO  o.e.m.c.i.e.AbstractTransferListenerAdapter - Downloaded https://repo.maven.apache.org/maven2/org/junit/jupiter/junit-jupiter-engine/5.7.1/junit-jupiter-engine-5.7.1.pom
2022-06-28 12:02:18,874 [Worker-47: Creating maven-archetype-quickstart] INFO  o.e.m.c.i.e.AbstractTransferListenerAdapter - Downloading https://repo.maven.apache.org/maven2/org/junit/junit-bom/5.7.1/junit-bom-5.7.1.pom
2022-06-28 12:02:19,056 [Worker-47: Creating maven-archetype-quickstart] INFO  o.e.m.c.i.e.AbstractTransferListenerAdapter - Downloaded https://repo.maven.apache.org/maven2/org/junit/junit-bom/5.7.1/junit-bom-5.7.1.pom
2022-06-28 12:02:19,241 [Worker-47: Creating maven-archetype-quickstart] INFO  o.e.m.c.i.e.AbstractTransferListenerAdapter - Downloading https://repo.maven.apache.org/maven2/org/apiguardian/apiguardian-api/1.1.0/apiguardian-api-1.1.0.pom
2022-06-28 12:02:19,423 [Worker-47: Creating maven-archetype-quickstart] INFO  o.e.m.c.i.e.AbstractTransferListenerAdapter - Downloaded https://repo.maven.apache.org/maven2/org/apiguardian/apiguardian-api/1.1.0/apiguardian-api-1.1.0.pom
2022-06-28 12:02:19,604 [Worker-47: Creating maven-archetype-quickstart] INFO  o.e.m.c.i.e.AbstractTransferListenerAdapter - Downloading https://repo.maven.apache.org/maven2/org/junit/platform/junit-platform-engine/1.7.1/junit-platform-engine-1.7.1.pom
2022-06-28 12:02:19,792 [Worker-47: Creating maven-archetype-quickstart] INFO  o.e.m.c.i.e.AbstractTransferListenerAdapter - Downloaded https://repo.maven.apache.org/maven2/org/junit/platform/junit-platform-engine/1.7.1/junit-platform-engine-1.7.1.pom
2022-06-28 12:02:19,978 [Worker-47: Creating maven-archetype-quickstart] INFO  o.e.m.c.i.e.AbstractTransferListenerAdapter - Downloading https://repo.maven.apache.org/maven2/org/junit/platform/junit-platform-commons/1.7.1/junit-platform-commons-1.7.1.pom
2022-06-28 12:02:20,160 [Worker-47: Creating maven-archetype-quickstart] INFO  o.e.m.c.i.e.AbstractTransferListenerAdapter - Downloaded https://repo.maven.apache.org/maven2/org/junit/platform/junit-platform-commons/1.7.1/junit-platform-commons-1.7.1.pom
2022-06-28 12:02:20,344 [Worker-47: Creating maven-archetype-quickstart] INFO  o.e.m.c.i.e.AbstractTransferListenerAdapter - Downloading https://repo.maven.apache.org/maven2/org/junit/jupiter/junit-jupiter-api/5.7.1/junit-jupiter-api-5.7.1.pom
2022-06-28 12:02:20,539 [Worker-47: Creating maven-archetype-quickstart] INFO  o.e.m.c.i.e.AbstractTransferListenerAdapter - Downloaded https://repo.maven.apache.org/maven2/org/junit/jupiter/junit-jupiter-api/5.7.1/junit-jupiter-api-5.7.1.pom
2022-06-28 12:02:20,724 [Worker-47: Creating maven-archetype-quickstart] INFO  o.e.m.c.i.e.AbstractTransferListenerAdapter - Downloading https://repo.maven.apache.org/maven2/org/junit/jupiter/junit-jupiter-params/5.7.1/junit-jupiter-params-5.7.1.pom
2022-06-28 12:02:20,912 [Worker-47: Creating maven-archetype-quickstart] INFO  o.e.m.c.i.e.AbstractTransferListenerAdapter - Downloaded https://repo.maven.apache.org/maven2/org/junit/jupiter/junit-jupiter-params/5.7.1/junit-jupiter-params-5.7.1.pom
2022-06-28 12:02:21,100 [AetherRepositoryConnector-repo.maven.apache.org-0-1] INFO  o.e.m.c.i.e.AbstractTransferListenerAdapter - Downloading https://repo.maven.apache.org/maven2/org/apiguardian/apiguardian-api/1.1.0/apiguardian-api-1.1.0.jar
2022-06-28 12:02:21,105 [AetherRepositoryConnector-repo.maven.apache.org-0-0] INFO  o.e.m.c.i.e.AbstractTransferListenerAdapter - Downloading https://repo.maven.apache.org/maven2/org/junit/jupiter/junit-jupiter-engine/5.7.1/junit-jupiter-engine-5.7.1.jar
2022-06-28 12:02:21,141 [AetherRepositoryConnector-repo.maven.apache.org-0-2] INFO  o.e.m.c.i.e.AbstractTransferListenerAdapter - Downloading https://repo.maven.apache.org/maven2/org/junit/platform/junit-platform-engine/1.7.1/junit-platform-engine-1.7.1.jar
2022-06-28 12:02:21,360 [AetherRepositoryConnector-repo.maven.apache.org-0-3] INFO  o.e.m.c.i.e.AbstractTransferListenerAdapter - Downloading https://repo.maven.apache.org/maven2/org/junit/platform/junit-platform-commons/1.7.1/junit-platform-commons-1.7.1.jar
2022-06-28 12:02:21,360 [AetherRepositoryConnector-repo.maven.apache.org-0-4] INFO  o.e.m.c.i.e.AbstractTransferListenerAdapter - Downloading https://repo.maven.apache.org/maven2/org/junit/jupiter/junit-jupiter-api/5.7.1/junit-jupiter-api-5.7.1.jar
2022-06-28 12:02:21,380 [AetherRepositoryConnector-repo.maven.apache.org-0-1] INFO  o.e.m.c.i.e.AbstractTransferListenerAdapter - Downloaded https://repo.maven.apache.org/maven2/org/apiguardian/apiguardian-api/1.1.0/apiguardian-api-1.1.0.jar
2022-06-28 12:02:21,874 [AetherRepositoryConnector-repo.maven.apache.org-0-1] INFO  o.e.m.c.i.e.AbstractTransferListenerAdapter - Downloading https://repo.maven.apache.org/maven2/org/junit/jupiter/junit-jupiter-params/5.7.1/junit-jupiter-params-5.7.1.jar
2022-06-28 12:02:22,178 [AetherRepositoryConnector-repo.maven.apache.org-0-2] INFO  o.e.m.c.i.e.AbstractTransferListenerAdapter - Downloaded https://repo.maven.apache.org/maven2/org/junit/platform/junit-platform-engine/1.7.1/junit-platform-engine-1.7.1.jar
2022-06-28 12:02:22,178 [AetherRepositoryConnector-repo.maven.apache.org-0-0] INFO  o.e.m.c.i.e.AbstractTransferListenerAdapter - Downloaded https://repo.maven.apache.org/maven2/org/junit/jupiter/junit-jupiter-engine/5.7.1/junit-jupiter-engine-5.7.1.jar
2022-06-28 12:02:22,179 [AetherRepositoryConnector-repo.maven.apache.org-0-3] INFO  o.e.m.c.i.e.AbstractTransferListenerAdapter - Downloaded https://repo.maven.apache.org/maven2/org/junit/platform/junit-platform-commons/1.7.1/junit-platform-commons-1.7.1.jar
2022-06-28 12:02:22,207 [AetherRepositoryConnector-repo.maven.apache.org-0-4] INFO  o.e.m.c.i.e.AbstractTransferListenerAdapter - Downloaded https://repo.maven.apache.org/maven2/org/junit/jupiter/junit-jupiter-api/5.7.1/junit-jupiter-api-5.7.1.jar
2022-06-28 12:02:22,353 [AetherRepositoryConnector-repo.maven.apache.org-0-1] INFO  o.e.m.c.i.e.AbstractTransferListenerAdapter - Downloaded https://repo.maven.apache.org/maven2/org/junit/jupiter/junit-jupiter-params/5.7.1/junit-jupiter-params-5.7.1.jar
2022-06-28 12:02:23,151 [Worker-47: Creating maven-archetype-quickstart] INFO  o.e.m.c.i.e.AbstractTransferListenerAdapter - Downloading https://repo.maven.apache.org/maven2/org/apache/maven/plugins/maven-surefire-plugin/3.0.0-M5/maven-surefire-plugin-3.0.0-M5.pom
2022-06-28 12:02:23,531 [Worker-47: Creating maven-archetype-quickstart] INFO  o.e.m.c.i.e.AbstractTransferListenerAdapter - Downloaded https://repo.maven.apache.org/maven2/org/apache/maven/plugins/maven-surefire-plugin/3.0.0-M5/maven-surefire-plugin-3.0.0-M5.pom
2022-06-28 12:02:23,733 [Worker-47: Creating maven-archetype-quickstart] INFO  o.e.m.c.i.e.AbstractTransferListenerAdapter - Downloading https://repo.maven.apache.org/maven2/org/apache/maven/surefire/surefire/3.0.0-M5/surefire-3.0.0-M5.pom
2022-06-28 12:02:23,981 [Worker-47: Creating maven-archetype-quickstart] INFO  o.e.m.c.i.e.AbstractTransferListenerAdapter - Downloaded https://repo.maven.apache.org/maven2/org/apache/maven/surefire/surefire/3.0.0-M5/surefire-3.0.0-M5.pom
2022-06-28 12:02:24,172 [Worker-47: Creating maven-archetype-quickstart] INFO  o.e.m.c.i.e.AbstractTransferListenerAdapter - Downloading https://repo.maven.apache.org/maven2/org/apache/maven/maven-parent/34/maven-parent-34.pom
2022-06-28 12:02:24,434 [Worker-47: Creating maven-archetype-quickstart] INFO  o.e.m.c.i.e.AbstractTransferListenerAdapter - Downloaded https://repo.maven.apache.org/maven2/org/apache/maven/maven-parent/34/maven-parent-34.pom
2022-06-28 12:02:24,641 [Worker-47: Creating maven-archetype-quickstart] INFO  o.e.m.c.i.e.AbstractTransferListenerAdapter - Downloading https://repo.maven.apache.org/maven2/org/apache/apache/23/apache-23.pom
2022-06-28 12:02:24,847 [Worker-47: Creating maven-archetype-quickstart] INFO  o.e.m.c.i.e.AbstractTransferListenerAdapter - Downloaded https://repo.maven.apache.org/maven2/org/apache/apache/23/apache-23.pom
2022-06-28 12:02:25,171 [Worker-47: Creating maven-archetype-quickstart] INFO  o.e.m.j.i.AbstractJavaProjectConfigurator - Adding source folder /SpringAssignment/src/main/java
2022-06-28 12:02:25,175 [Worker-47: Creating maven-archetype-quickstart] INFO  o.e.m.j.i.AbstractJavaProjectConfigurator - Adding source folder /SpringAssignment/src/test/java
2022-06-28 12:02:25,271 [Worker-47: Creating maven-archetype-quickstart] INFO  o.e.m.c.i.p.ProjectConfigurationManager - Imported and configured 1 project(s) in 9 sec
2022-06-28 12:02:25,790 [Worker-48: Building] INFO  o.e.m.c.i.embedder.EclipseLogger - Using 'UTF-8' encoding to copy filtered resources.
2022-06-28 12:02:25,790 [Worker-48: Building] INFO  o.e.m.c.i.embedder.EclipseLogger - skip non existing resourceDirectory C:\Users\NOVENKAT\OneDrive - Capgemini\Desktop\personal\Training\java\SpringAssignment\src\main\resources
2022-06-28 12:02:25,792 [Worker-48: Building] INFO  o.e.m.c.i.embedder.EclipseLogger - Using 'UTF-8' encoding to copy filtered resources.
2022-06-28 12:02:25,792 [Worker-48: Building] INFO  o.e.m.c.i.embedder.EclipseLogger - skip non existing resourceDirectory C:\Users\NOVENKAT\OneDrive - Capgemini\Desktop\personal\Training\java\SpringAssignment\src\test\resources
2022-06-28 12:02:26,753 [Worker-47: Download sources and javadoc] INFO  o.e.m.c.i.e.AbstractTransferListenerAdapter - Downloading https://repo.maven.apache.org/maven2/org/junit/jupiter/junit-jupiter-engine/5.7.1/junit-jupiter-engine-5.7.1-sources.jar
2022-06-28 12:02:27,180 [Worker-47: Download sources and javadoc] INFO  o.e.m.c.i.e.AbstractTransferListenerAdapter - Downloaded https://repo.maven.apache.org/maven2/org/junit/jupiter/junit-jupiter-engine/5.7.1/junit-jupiter-engine-5.7.1-sources.jar
2022-06-28 12:02:27,183 [Worker-47: Download sources and javadoc] INFO  o.e.m.j.internal.DownloadSourcesJob - Downloaded sources for org.junit.jupiter:junit-jupiter-engine:5.7.1
2022-06-28 12:02:27,999 [Worker-47: Download sources and javadoc] INFO  o.e.m.c.i.e.AbstractTransferListenerAdapter - Downloading https://repo.maven.apache.org/maven2/org/apiguardian/apiguardian-api/1.1.0/apiguardian-api-1.1.0-sources.jar
2022-06-28 12:02:28,403 [Worker-47: Download sources and javadoc] INFO  o.e.m.c.i.e.AbstractTransferListenerAdapter - Downloaded https://repo.maven.apache.org/maven2/org/apiguardian/apiguardian-api/1.1.0/apiguardian-api-1.1.0-sources.jar
2022-06-28 12:02:28,406 [Worker-47: Download sources and javadoc] INFO  o.e.m.j.internal.DownloadSourcesJob - Downloaded sources for org.apiguardian:apiguardian-api:1.1.0
2022-06-28 12:02:29,128 [Worker-47: Download sources and javadoc] INFO  o.e.m.c.i.e.AbstractTransferListenerAdapter - Downloading https://repo.maven.apache.org/maven2/org/junit/platform/junit-platform-engine/1.7.1/junit-platform-engine-1.7.1-sources.jar
2022-06-28 12:02:29,690 [Worker-47: Download sources and javadoc] INFO  o.e.m.c.i.e.AbstractTransferListenerAdapter - Downloaded https://repo.maven.apache.org/maven2/org/junit/platform/junit-platform-engine/1.7.1/junit-platform-engine-1.7.1-sources.jar
2022-06-28 12:02:29,695 [Worker-47: Download sources and javadoc] INFO  o.e.m.j.internal.DownloadSourcesJob - Downloaded sources for org.junit.platform:junit-platform-engine:1.7.1
2022-06-28 12:02:30,451 [Worker-47: Download sources and javadoc] INFO  o.e.m.c.i.e.AbstractTransferListenerAdapter - Downloading https://repo.maven.apache.org/maven2/org/opentest4j/opentest4j/1.2.0/opentest4j-1.2.0-sources.jar
2022-06-28 12:02:30,823 [Worker-47: Download sources and javadoc] INFO  o.e.m.c.i.e.AbstractTransferListenerAdapter - Downloaded https://repo.maven.apache.org/maven2/org/opentest4j/opentest4j/1.2.0/opentest4j-1.2.0-sources.jar
2022-06-28 12:02:30,827 [Worker-47: Download sources and javadoc] INFO  o.e.m.j.internal.DownloadSourcesJob - Downloaded sources for org.opentest4j:opentest4j:1.2.0
2022-06-28 12:02:31,578 [Worker-47: Download sources and javadoc] INFO  o.e.m.c.i.e.AbstractTransferListenerAdapter - Downloading https://repo.maven.apache.org/maven2/org/junit/platform/junit-platform-commons/1.7.1/junit-platform-commons-1.7.1-sources.jar
2022-06-28 12:02:32,001 [Worker-47: Download sources and javadoc] INFO  o.e.m.c.i.e.AbstractTransferListenerAdapter - Downloaded https://repo.maven.apache.org/maven2/org/junit/platform/junit-platform-commons/1.7.1/junit-platform-commons-1.7.1-sources.jar
2022-06-28 12:02:32,003 [Worker-47: Download sources and javadoc] INFO  o.e.m.j.internal.DownloadSourcesJob - Downloaded sources for org.junit.platform:junit-platform-commons:1.7.1
2022-06-28 12:02:32,689 [Worker-47: Download sources and javadoc] INFO  o.e.m.c.i.e.AbstractTransferListenerAdapter - Downloading https://repo.maven.apache.org/maven2/org/junit/jupiter/junit-jupiter-api/5.7.1/junit-jupiter-api-5.7.1-sources.jar
2022-06-28 12:02:33,266 [Worker-47: Download sources and javadoc] INFO  o.e.m.c.i.e.AbstractTransferListenerAdapter - Downloaded https://repo.maven.apache.org/maven2/org/junit/jupiter/junit-jupiter-api/5.7.1/junit-jupiter-api-5.7.1-sources.jar
2022-06-28 12:02:33,269 [Worker-47: Download sources and javadoc] INFO  o.e.m.j.internal.DownloadSourcesJob - Downloaded sources for org.junit.jupiter:junit-jupiter-api:5.7.1
2022-06-28 12:02:34,021 [Worker-47: Download sources and javadoc] INFO  o.e.m.c.i.e.AbstractTransferListenerAdapter - Downloading https://repo.maven.apache.org/maven2/org/junit/jupiter/junit-jupiter-params/5.7.1/junit-jupiter-params-5.7.1-sources.jar
2022-06-28 12:02:34,434 [Worker-47: Download sources and javadoc] INFO  o.e.m.c.i.e.AbstractTransferListenerAdapter - Downloaded https://repo.maven.apache.org/maven2/org/junit/jupiter/junit-jupiter-params/5.7.1/junit-jupiter-params-5.7.1-sources.jar
2022-06-28 12:02:34,437 [Worker-47: Download sources and javadoc] INFO  o.e.m.j.internal.DownloadSourcesJob - Downloaded sources for org.junit.jupiter:junit-jupiter-params:5.7.1
2022-06-28 12:02:34,778 [Worker-50: Building] INFO  o.e.m.c.i.embedder.EclipseLogger - Using 'UTF-8' encoding to copy filtered resources.
2022-06-28 12:02:34,779 [Worker-50: Building] INFO  o.e.m.c.i.embedder.EclipseLogger - skip non existing resourceDirectory C:\Users\NOVENKAT\OneDrive - Capgemini\Desktop\personal\Training\java\SpringAssignment\src\main\resources
2022-06-28 12:02:34,779 [Worker-50: Building] INFO  o.e.m.c.i.embedder.EclipseLogger - Using 'UTF-8' encoding to copy filtered resources.
2022-06-28 12:02:34,780 [Worker-50: Building] INFO  o.e.m.c.i.embedder.EclipseLogger - skip non existing resourceDirectory C:\Users\NOVENKAT\OneDrive - Capgemini\Desktop\personal\Training\java\SpringAssignment\src\test\resources
2022-06-28 12:03:49,899 [Worker-47: Building] INFO  o.e.m.c.i.l.LifecycleMappingFactory - Using org.eclipse.m2e.jdt.JarLifecycleMapping lifecycle mapping for MavenProject: com.spring.assignment7:SpringAssignment:0.0.1-SNAPSHOT @ C:\Users\NOVENKAT\OneDrive - Capgemini\Desktop\personal\Training\java\SpringAssignment\pom.xml.
2022-06-28 12:03:50,000 [Worker-47: Building] INFO  o.e.m.c.i.embedder.EclipseLogger - Using 'UTF-8' encoding to copy filtered resources.
2022-06-28 12:03:50,001 [Worker-47: Building] INFO  o.e.m.c.i.embedder.EclipseLogger - skip non existing resourceDirectory C:\Users\NOVENKAT\OneDrive - Capgemini\Desktop\personal\Training\java\SpringAssignment\src\main\resources
2022-06-28 12:03:50,005 [Worker-47: Building] INFO  o.e.m.c.i.embedder.EclipseLogger - Using 'UTF-8' encoding to copy filtered resources.
2022-06-28 12:03:50,005 [Worker-47: Building] INFO  o.e.m.c.i.embedder.EclipseLogger - skip non existing resourceDirectory C:\Users\NOVENKAT\OneDrive - Capgemini\Desktop\personal\Training\java\SpringAssignment\src\test\resources
2022-06-28 12:03:51,396 [Worker-43: Building] INFO  o.e.m.c.i.embedder.EclipseLogger - Using 'UTF-8' encoding to copy filtered resources.
2022-06-28 12:03:51,396 [Worker-43: Building] INFO  o.e.m.c.i.embedder.EclipseLogger - skip non existing resourceDirectory C:\Users\NOVENKAT\OneDrive - Capgemini\Desktop\personal\Training\java\SpringAssignment\src\main\resources
2022-06-28 12:03:51,398 [Worker-43: Building] INFO  o.e.m.c.i.embedder.EclipseLogger - Using 'UTF-8' encoding to copy filtered resources.
2022-06-28 12:03:51,398 [Worker-43: Building] INFO  o.e.m.c.i.embedder.EclipseLogger - skip non existing resourceDirectory C:\Users\NOVENKAT\OneDrive - Capgemini\Desktop\personal\Training\java\SpringAssignment\src\test\resources
2022-06-28 12:03:51,856 [Worker-49: Download sources and javadoc] INFO  o.e.m.c.i.e.AbstractTransferListenerAdapter - Downloading https://repo.maven.apache.org/maven2/org/springframework/spring-core/5.2.16.RELEASE/spring-core-5.2.16.RELEASE-sources.jar
2022-06-28 12:03:53,122 [Worker-49: Download sources and javadoc] INFO  o.e.m.c.i.e.AbstractTransferListenerAdapter - Downloaded https://repo.maven.apache.org/maven2/org/springframework/spring-core/5.2.16.RELEASE/spring-core-5.2.16.RELEASE-sources.jar
2022-06-28 12:03:53,125 [Worker-49: Download sources and javadoc] INFO  o.e.m.j.internal.DownloadSourcesJob - Downloaded sources for org.springframework:spring-core:5.2.16.RELEASE
2022-06-28 12:03:53,860 [Worker-49: Download sources and javadoc] INFO  o.e.m.c.i.e.AbstractTransferListenerAdapter - Downloading https://repo.maven.apache.org/maven2/org/springframework/spring-jcl/5.2.16.RELEASE/spring-jcl-5.2.16.RELEASE-sources.jar
2022-06-28 12:03:54,305 [Worker-49: Download sources and javadoc] INFO  o.e.m.c.i.e.AbstractTransferListenerAdapter - Downloaded https://repo.maven.apache.org/maven2/org/springframework/spring-jcl/5.2.16.RELEASE/spring-jcl-5.2.16.RELEASE-sources.jar
2022-06-28 12:03:54,308 [Worker-49: Download sources and javadoc] INFO  o.e.m.j.internal.DownloadSourcesJob - Downloaded sources for org.springframework:spring-jcl:5.2.16.RELEASE
2022-06-28 12:03:55,201 [Worker-49: Download sources and javadoc] INFO  o.e.m.c.i.e.AbstractTransferListenerAdapter - Downloading https://repo.maven.apache.org/maven2/org/springframework/spring-context/5.2.16.RELEASE/spring-context-5.2.16.RELEASE-sources.jar
2022-06-28 12:03:56,429 [Worker-49: Download sources and javadoc] INFO  o.e.m.c.i.e.AbstractTransferListenerAdapter - Downloaded https://repo.maven.apache.org/maven2/org/springframework/spring-context/5.2.16.RELEASE/spring-context-5.2.16.RELEASE-sources.jar
2022-06-28 12:03:56,432 [Worker-49: Download sources and javadoc] INFO  o.e.m.j.internal.DownloadSourcesJob - Downloaded sources for org.springframework:spring-context:5.2.16.RELEASE
2022-06-28 12:03:57,308 [Worker-49: Download sources and javadoc] INFO  o.e.m.c.i.e.AbstractTransferListenerAdapter - Downloading https://repo.maven.apache.org/maven2/org/springframework/spring-aop/5.2.16.RELEASE/spring-aop-5.2.16.RELEASE-sources.jar
2022-06-28 12:03:58,253 [Worker-49: Download sources and javadoc] INFO  o.e.m.c.i.e.AbstractTransferListenerAdapter - Downloaded https://repo.maven.apache.org/maven2/org/springframework/spring-aop/5.2.16.RELEASE/spring-aop-5.2.16.RELEASE-sources.jar
2022-06-28 12:03:58,268 [Worker-49: Download sources and javadoc] INFO  o.e.m.j.internal.DownloadSourcesJob - Downloaded sources for org.springframework:spring-aop:5.2.16.RELEASE
2022-06-28 12:03:58,960 [Worker-49: Download sources and javadoc] INFO  o.e.m.c.i.e.AbstractTransferListenerAdapter - Downloading https://repo.maven.apache.org/maven2/org/springframework/spring-beans/5.2.16.RELEASE/spring-beans-5.2.16.RELEASE-sources.jar
2022-06-28 12:03:59,977 [Worker-49: Download sources and javadoc] INFO  o.e.m.c.i.e.AbstractTransferListenerAdapter - Downloaded https://repo.maven.apache.org/maven2/org/springframework/spring-beans/5.2.16.RELEASE/spring-beans-5.2.16.RELEASE-sources.jar
2022-06-28 12:03:59,981 [Worker-49: Download sources and javadoc] INFO  o.e.m.j.internal.DownloadSourcesJob - Downloaded sources for org.springframework:spring-beans:5.2.16.RELEASE
2022-06-28 12:04:00,749 [Worker-49: Download sources and javadoc] INFO  o.e.m.c.i.e.AbstractTransferListenerAdapter - Downloading https://repo.maven.apache.org/maven2/org/springframework/spring-expression/5.2.16.RELEASE/spring-expression-5.2.16.RELEASE-sources.jar
2022-06-28 12:04:01,378 [Worker-49: Download sources and javadoc] INFO  o.e.m.c.i.e.AbstractTransferListenerAdapter - Downloaded https://repo.maven.apache.org/maven2/org/springframework/spring-expression/5.2.16.RELEASE/spring-expression-5.2.16.RELEASE-sources.jar
2022-06-28 12:04:01,381 [Worker-49: Download sources and javadoc] INFO  o.e.m.j.internal.DownloadSourcesJob - Downloaded sources for org.springframework:spring-expression:5.2.16.RELEASE
2022-06-28 12:04:01,517 [Worker-50: Building] INFO  o.e.m.c.i.embedder.EclipseLogger - Using 'UTF-8' encoding to copy filtered resources.
2022-06-28 12:04:01,517 [Worker-50: Building] INFO  o.e.m.c.i.embedder.EclipseLogger - skip non existing resourceDirectory C:\Users\NOVENKAT\OneDrive - Capgemini\Desktop\personal\Training\java\SpringAssignment\src\main\resources
2022-06-28 12:04:01,518 [Worker-50: Building] INFO  o.e.m.c.i.embedder.EclipseLogger - Using 'UTF-8' encoding to copy filtered resources.
2022-06-28 12:04:01,519 [Worker-50: Building] INFO  o.e.m.c.i.embedder.EclipseLogger - skip non existing resourceDirectory C:\Users\NOVENKAT\OneDrive - Capgemini\Desktop\personal\Training\java\SpringAssignment\src\test\resources
2022-06-28 12:05:43,027 [Worker-51: Building] INFO  o.e.m.c.i.embedder.EclipseLogger - Using 'UTF-8' encoding to copy filtered resources.
2022-06-28 12:05:43,027 [Worker-51: Building] INFO  o.e.m.c.i.embedder.EclipseLogger - skip non existing resourceDirectory C:\Users\NOVENKAT\OneDrive - Capgemini\Desktop\personal\Training\java\SpringAssignment\src\main\resources
2022-06-28 12:05:43,028 [Worker-51: Building] INFO  o.e.m.c.i.embedder.EclipseLogger - Using 'UTF-8' encoding to copy filtered resources.
2022-06-28 12:05:43,028 [Worker-51: Building] INFO  o.e.m.c.i.embedder.EclipseLogger - skip non existing resourceDirectory C:\Users\NOVENKAT\OneDrive - Capgemini\Desktop\personal\Training\java\SpringAssignment\src\test\resources
2022-06-28 12:06:17,264 [Worker-48: Building] INFO  o.e.m.c.i.embedder.EclipseLogger - Using 'UTF-8' encoding to copy filtered resources.
2022-06-28 12:06:17,265 [Worker-48: Building] INFO  o.e.m.c.i.embedder.EclipseLogger - skip non existing resourceDirectory C:\Users\NOVENKAT\OneDrive - Capgemini\Desktop\personal\Training\java\SpringAssignment\src\main\resources
2022-06-28 12:06:17,266 [Worker-48: Building] INFO  o.e.m.c.i.embedder.EclipseLogger - Using 'UTF-8' encoding to copy filtered resources.
2022-06-28 12:06:17,266 [Worker-48: Building] INFO  o.e.m.c.i.embedder.EclipseLogger - skip non existing resourceDirectory C:\Users\NOVENKAT\OneDrive - Capgemini\Desktop\personal\Training\java\SpringAssignment\src\test\resources
2022-06-28 12:10:59,225 [Worker-54: Launching SpelExpression] INFO  o.e.m.c.i.embedder.EclipseLogger - Using 'UTF-8' encoding to copy filtered resources.
2022-06-28 12:10:59,226 [Worker-54: Launching SpelExpression] INFO  o.e.m.c.i.embedder.EclipseLogger - skip non existing resourceDirectory C:\Users\NOVENKAT\OneDrive - Capgemini\Desktop\personal\Training\java\SpringAssignment\src\main\resources
2022-06-28 12:10:59,230 [Worker-54: Launching SpelExpression] INFO  o.e.m.c.i.embedder.EclipseLogger - Using 'UTF-8' encoding to copy filtered resources.
2022-06-28 12:10:59,231 [Worker-54: Launching SpelExpression] INFO  o.e.m.c.i.embedder.EclipseLogger - skip non existing resourceDirectory C:\Users\NOVENKAT\OneDrive - Capgemini\Desktop\personal\Training\java\SpringAssignment\src\test\resources
2022-06-28 12:11:13,392 [Worker-48: Launching SpelExpression] INFO  o.e.m.c.i.embedder.EclipseLogger - Using 'UTF-8' encoding to copy filtered resources.
2022-06-28 12:11:13,393 [Worker-48: Launching SpelExpression] INFO  o.e.m.c.i.embedder.EclipseLogger - skip non existing resourceDirectory C:\Users\NOVENKAT\OneDrive - Capgemini\Desktop\personal\Training\java\SpringAssignment\src\main\resources
2022-06-28 12:11:13,396 [Worker-48: Launching SpelExpression] INFO  o.e.m.c.i.embedder.EclipseLogger - Using 'UTF-8' encoding to copy filtered resources.
2022-06-28 12:11:13,397 [Worker-48: Launching SpelExpression] INFO  o.e.m.c.i.embedder.EclipseLogger - skip non existing resourceDirectory C:\Users\NOVENKAT\OneDrive - Capgemini\Desktop\personal\Training\java\SpringAssignment\src\test\resources
2022-06-28 12:11:53,827 [Worker-53: Launching SpelExpression] INFO  o.e.m.c.i.embedder.EclipseLogger - Using 'UTF-8' encoding to copy filtered resources.
2022-06-28 12:11:53,828 [Worker-53: Launching SpelExpression] INFO  o.e.m.c.i.embedder.EclipseLogger - skip non existing resourceDirectory C:\Users\NOVENKAT\OneDrive - Capgemini\Desktop\personal\Training\java\SpringAssignment\src\main\resources
2022-06-28 12:11:53,833 [Worker-53: Launching SpelExpression] INFO  o.e.m.c.i.embedder.EclipseLogger - Using 'UTF-8' encoding to copy filtered resources.
2022-06-28 12:11:53,834 [Worker-53: Launching SpelExpression] INFO  o.e.m.c.i.embedder.EclipseLogger - skip non existing resourceDirectory C:\Users\NOVENKAT\OneDrive - Capgemini\Desktop\personal\Training\java\SpringAssignment\src\test\resources
2022-06-28 12:12:17,661 [Worker-55: Launching SpelExpression] INFO  o.e.m.c.i.embedder.EclipseLogger - Using 'UTF-8' encoding to copy filtered resources.
2022-06-28 12:12:17,663 [Worker-55: Launching SpelExpression] INFO  o.e.m.c.i.embedder.EclipseLogger - skip non existing resourceDirectory C:\Users\NOVENKAT\OneDrive - Capgemini\Desktop\personal\Training\java\SpringAssignment\src\main\resources
2022-06-28 12:12:17,668 [Worker-55: Launching SpelExpression] INFO  o.e.m.c.i.embedder.EclipseLogger - Using 'UTF-8' encoding to copy filtered resources.
2022-06-28 12:12:17,668 [Worker-55: Launching SpelExpression] INFO  o.e.m.c.i.embedder.EclipseLogger - skip non existing resourceDirectory C:\Users\NOVENKAT\OneDrive - Capgemini\Desktop\personal\Training\java\SpringAssignment\src\test\resources
2022-06-28 12:12:29,304 [Worker-53: Launching SpelExpression] INFO  o.e.m.c.i.embedder.EclipseLogger - Using 'UTF-8' encoding to copy filtered resources.
2022-06-28 12:12:29,304 [Worker-53: Launching SpelExpression] INFO  o.e.m.c.i.embedder.EclipseLogger - skip non existing resourceDirectory C:\Users\NOVENKAT\OneDrive - Capgemini\Desktop\personal\Training\java\SpringAssignment\src\main\resources
2022-06-28 12:12:29,305 [Worker-53: Launching SpelExpression] INFO  o.e.m.c.i.embedder.EclipseLogger - Using 'UTF-8' encoding to copy filtered resources.
2022-06-28 12:12:29,305 [Worker-53: Launching SpelExpression] INFO  o.e.m.c.i.embedder.EclipseLogger - skip non existing resourceDirectory C:\Users\NOVENKAT\OneDrive - Capgemini\Desktop\personal\Training\java\SpringAssignment\src\test\resources
2022-06-28 12:13:05,693 [Worker-54: Launching SpelExpression] INFO  o.e.m.c.i.embedder.EclipseLogger - Using 'UTF-8' encoding to copy filtered resources.
2022-06-28 12:13:05,695 [Worker-54: Launching SpelExpression] INFO  o.e.m.c.i.embedder.EclipseLogger - skip non existing resourceDirectory C:\Users\NOVENKAT\OneDrive - Capgemini\Desktop\personal\Training\java\SpringAssignment\src\main\resources
2022-06-28 12:13:05,699 [Worker-54: Launching SpelExpression] INFO  o.e.m.c.i.embedder.EclipseLogger - Using 'UTF-8' encoding to copy filtered resources.
2022-06-28 12:13:05,699 [Worker-54: Launching SpelExpression] INFO  o.e.m.c.i.embedder.EclipseLogger - skip non existing resourceDirectory C:\Users\NOVENKAT\OneDrive - Capgemini\Desktop\personal\Training\java\SpringAssignment\src\test\resources
2022-06-28 12:14:18,375 [Worker-53: Launching SpelExpression] INFO  o.e.m.c.i.embedder.EclipseLogger - Using 'UTF-8' encoding to copy filtered resources.
2022-06-28 12:14:18,377 [Worker-53: Launching SpelExpression] INFO  o.e.m.c.i.embedder.EclipseLogger - skip non existing resourceDirectory C:\Users\NOVENKAT\OneDrive - Capgemini\Desktop\personal\Training\java\SpringAssignment\src\main\resources
2022-06-28 12:14:18,381 [Worker-53: Launching SpelExpression] INFO  o.e.m.c.i.embedder.EclipseLogger - Using 'UTF-8' encoding to copy filtered resources.
2022-06-28 12:14:18,382 [Worker-53: Launching SpelExpression] INFO  o.e.m.c.i.embedder.EclipseLogger - skip non existing resourceDirectory C:\Users\NOVENKAT\OneDrive - Capgemini\Desktop\personal\Training\java\SpringAssignment\src\test\resources
2022-06-28 12:15:23,150 [Worker-53: Launching SpelExpression] INFO  o.e.m.c.i.embedder.EclipseLogger - Using 'UTF-8' encoding to copy filtered resources.
2022-06-28 12:15:23,150 [Worker-53: Launching SpelExpression] INFO  o.e.m.c.i.embedder.EclipseLogger - skip non existing resourceDirectory C:\Users\NOVENKAT\OneDrive - Capgemini\Desktop\personal\Training\java\SpringAssignment\src\main\resources
2022-06-28 12:15:23,151 [Worker-53: Launching SpelExpression] INFO  o.e.m.c.i.embedder.EclipseLogger - Using 'UTF-8' encoding to copy filtered resources.
2022-06-28 12:15:23,151 [Worker-53: Launching SpelExpression] INFO  o.e.m.c.i.embedder.EclipseLogger - skip non existing resourceDirectory C:\Users\NOVENKAT\OneDrive - Capgemini\Desktop\personal\Training\java\SpringAssignment\src\test\resources
2022-06-28 12:17:43,330 [Worker-52: Launching SpelExpression] INFO  o.e.m.c.i.embedder.EclipseLogger - Using 'UTF-8' encoding to copy filtered resources.
2022-06-28 12:17:43,331 [Worker-52: Launching SpelExpression] INFO  o.e.m.c.i.embedder.EclipseLogger - skip non existing resourceDirectory C:\Users\NOVENKAT\OneDrive - Capgemini\Desktop\personal\Training\java\SpringAssignment\src\main\resources
2022-06-28 12:17:43,333 [Worker-52: Launching SpelExpression] INFO  o.e.m.c.i.embedder.EclipseLogger - Using 'UTF-8' encoding to copy filtered resources.
2022-06-28 12:17:43,333 [Worker-52: Launching SpelExpression] INFO  o.e.m.c.i.embedder.EclipseLogger - skip non existing resourceDirectory C:\Users\NOVENKAT\OneDrive - Capgemini\Desktop\personal\Training\java\SpringAssignment\src\test\resources
2022-06-28 12:17:59,234 [Worker-48: Launching SpelExpression] INFO  o.e.m.c.i.embedder.EclipseLogger - Using 'UTF-8' encoding to copy filtered resources.
2022-06-28 12:17:59,236 [Worker-48: Launching SpelExpression] INFO  o.e.m.c.i.embedder.EclipseLogger - skip non existing resourceDirectory C:\Users\NOVENKAT\OneDrive - Capgemini\Desktop\personal\Training\java\SpringAssignment\src\main\resources
2022-06-28 12:17:59,241 [Worker-48: Launching SpelExpression] INFO  o.e.m.c.i.embedder.EclipseLogger - Using 'UTF-8' encoding to copy filtered resources.
2022-06-28 12:17:59,241 [Worker-48: Launching SpelExpression] INFO  o.e.m.c.i.embedder.EclipseLogger - skip non existing resourceDirectory C:\Users\NOVENKAT\OneDrive - Capgemini\Desktop\personal\Training\java\SpringAssignment\src\test\resources
2022-06-28 12:18:07,256 [Worker-48: Launching SpelExpression] INFO  o.e.m.c.i.embedder.EclipseLogger - Using 'UTF-8' encoding to copy filtered resources.
2022-06-28 12:18:07,257 [Worker-48: Launching SpelExpression] INFO  o.e.m.c.i.embedder.EclipseLogger - skip non existing resourceDirectory C:\Users\NOVENKAT\OneDrive - Capgemini\Desktop\personal\Training\java\SpringAssignment\src\main\resources
2022-06-28 12:18:07,260 [Worker-48: Launching SpelExpression] INFO  o.e.m.c.i.embedder.EclipseLogger - Using 'UTF-8' encoding to copy filtered resources.
2022-06-28 12:18:07,260 [Worker-48: Launching SpelExpression] INFO  o.e.m.c.i.embedder.EclipseLogger - skip non existing resourceDirectory C:\Users\NOVENKAT\OneDrive - Capgemini\Desktop\personal\Training\java\SpringAssignment\src\test\resources
2022-06-28 12:25:59,163 [Worker-58: Building] INFO  o.e.m.c.i.embedder.EclipseLogger - Using 'UTF-8' encoding to copy filtered resources.
2022-06-28 12:25:59,163 [Worker-58: Building] INFO  o.e.m.c.i.embedder.EclipseLogger - skip non existing resourceDirectory C:\Users\NOVENKAT\OneDrive - Capgemini\Desktop\personal\Training\java\SpringAssignment\src\main\resources
2022-06-28 12:25:59,163 [Worker-58: Building] INFO  o.e.m.c.i.embedder.EclipseLogger - Using 'UTF-8' encoding to copy filtered resources.
2022-06-28 12:25:59,164 [Worker-58: Building] INFO  o.e.m.c.i.embedder.EclipseLogger - skip non existing resourceDirectory C:\Users\NOVENKAT\OneDrive - Capgemini\Desktop\personal\Training\java\SpringAssignment\src\test\resources
2022-06-28 12:29:41,518 [Worker-48: Building] INFO  o.e.m.c.i.embedder.EclipseLogger - Using 'UTF-8' encoding to copy filtered resources.
2022-06-28 12:29:41,518 [Worker-48: Building] INFO  o.e.m.c.i.embedder.EclipseLogger - skip non existing resourceDirectory C:\Users\NOVENKAT\OneDrive - Capgemini\Desktop\personal\Training\java\SpringAssignment\src\main\resources
2022-06-28 12:29:41,519 [Worker-48: Building] INFO  o.e.m.c.i.embedder.EclipseLogger - Using 'UTF-8' encoding to copy filtered resources.
2022-06-28 12:29:41,519 [Worker-48: Building] INFO  o.e.m.c.i.embedder.EclipseLogger - skip non existing resourceDirectory C:\Users\NOVENKAT\OneDrive - Capgemini\Desktop\personal\Training\java\SpringAssignment\src\test\resources
2022-06-28 12:30:09,674 [Worker-60: Building] INFO  o.e.m.c.i.embedder.EclipseLogger - Using 'UTF-8' encoding to copy filtered resources.
2022-06-28 12:30:09,675 [Worker-60: Building] INFO  o.e.m.c.i.embedder.EclipseLogger - skip non existing resourceDirectory C:\Users\NOVENKAT\OneDrive - Capgemini\Desktop\personal\Training\java\SpringAssignment\src\main\resources
2022-06-28 12:30:09,676 [Worker-60: Building] INFO  o.e.m.c.i.embedder.EclipseLogger - Using 'UTF-8' encoding to copy filtered resources.
2022-06-28 12:30:09,676 [Worker-60: Building] INFO  o.e.m.c.i.embedder.EclipseLogger - skip non existing resourceDirectory C:\Users\NOVENKAT\OneDrive - Capgemini\Desktop\personal\Training\java\SpringAssignment\src\test\resources
2022-06-28 12:31:40,652 [Worker-60: Building] INFO  o.e.m.c.i.embedder.EclipseLogger - Using 'UTF-8' encoding to copy filtered resources.
2022-06-28 12:31:40,652 [Worker-60: Building] INFO  o.e.m.c.i.embedder.EclipseLogger - skip non existing resourceDirectory C:\Users\NOVENKAT\OneDrive - Capgemini\Desktop\personal\Training\java\SpringAssignment\src\main\resources
2022-06-28 12:31:40,654 [Worker-60: Building] INFO  o.e.m.c.i.embedder.EclipseLogger - Using 'UTF-8' encoding to copy filtered resources.
2022-06-28 12:31:40,654 [Worker-60: Building] INFO  o.e.m.c.i.embedder.EclipseLogger - skip non existing resourceDirectory C:\Users\NOVENKAT\OneDrive - Capgemini\Desktop\personal\Training\java\SpringAssignment\src\test\resources
2022-06-28 12:37:54,371 [Worker-62: Building] INFO  o.e.m.c.i.embedder.EclipseLogger - Using 'UTF-8' encoding to copy filtered resources.
2022-06-28 12:37:54,371 [Worker-62: Building] INFO  o.e.m.c.i.embedder.EclipseLogger - skip non existing resourceDirectory C:\Users\NOVENKAT\OneDrive - Capgemini\Desktop\personal\Training\java\SpringAssignment\src\main\resources
2022-06-28 12:37:54,372 [Worker-62: Building] INFO  o.e.m.c.i.embedder.EclipseLogger - Using 'UTF-8' encoding to copy filtered resources.
2022-06-28 12:37:54,372 [Worker-62: Building] INFO  o.e.m.c.i.embedder.EclipseLogger - skip non existing resourceDirectory C:\Users\NOVENKAT\OneDrive - Capgemini\Desktop\personal\Training\java\SpringAssignment\src\test\resources
2022-06-28 12:46:39,600 [Worker-64: Building] INFO  o.e.m.c.i.embedder.EclipseLogger - Using 'UTF-8' encoding to copy filtered resources.
2022-06-28 12:46:39,601 [Worker-64: Building] INFO  o.e.m.c.i.embedder.EclipseLogger - skip non existing resourceDirectory C:\Users\NOVENKAT\OneDrive - Capgemini\Desktop\personal\Training\java\SpringAssignment\src\main\resources
2022-06-28 12:46:39,602 [Worker-64: Building] INFO  o.e.m.c.i.embedder.EclipseLogger - Using 'UTF-8' encoding to copy filtered resources.
2022-06-28 12:46:39,602 [Worker-64: Building] INFO  o.e.m.c.i.embedder.EclipseLogger - skip non existing resourceDirectory C:\Users\NOVENKAT\OneDrive - Capgemini\Desktop\personal\Training\java\SpringAssignment\src\test\resources
2022-06-28 13:15:13,947 [Worker-79: Building] INFO  o.e.m.c.i.embedder.EclipseLogger - Using 'UTF-8' encoding to copy filtered resources.
2022-06-28 13:15:13,947 [Worker-79: Building] INFO  o.e.m.c.i.embedder.EclipseLogger - skip non existing resourceDirectory C:\Users\NOVENKAT\OneDrive - Capgemini\Desktop\personal\Training\java\SpringAssignment\src\main\resources
2022-06-28 13:15:13,948 [Worker-79: Building] INFO  o.e.m.c.i.embedder.EclipseLogger - Using 'UTF-8' encoding to copy filtered resources.
2022-06-28 13:15:13,948 [Worker-79: Building] INFO  o.e.m.c.i.embedder.EclipseLogger - skip non existing resourceDirectory C:\Users\NOVENKAT\OneDrive - Capgemini\Desktop\personal\Training\java\SpringAssignment\src\test\resources
2022-06-28 13:15:38,419 [Worker-79: Building] INFO  o.e.m.c.i.embedder.EclipseLogger - Using 'UTF-8' encoding to copy filtered resources.
2022-06-28 13:15:38,420 [Worker-79: Building] INFO  o.e.m.c.i.embedder.EclipseLogger - skip non existing resourceDirectory C:\Users\NOVENKAT\OneDrive - Capgemini\Desktop\personal\Training\java\SpringAssignment\src\main\resources
2022-06-28 13:15:38,420 [Worker-79: Building] INFO  o.e.m.c.i.embedder.EclipseLogger - Using 'UTF-8' encoding to copy filtered resources.
2022-06-28 13:15:38,420 [Worker-79: Building] INFO  o.e.m.c.i.embedder.EclipseLogger - skip non existing resourceDirectory C:\Users\NOVENKAT\OneDrive - Capgemini\Desktop\personal\Training\java\SpringAssignment\src\test\resources
2022-06-28 13:21:07,154 [Worker-77: Building] INFO  o.e.m.c.i.embedder.EclipseLogger - Using 'UTF-8' encoding to copy filtered resources.
2022-06-28 13:21:07,154 [Worker-77: Building] INFO  o.e.m.c.i.embedder.EclipseLogger - skip non existing resourceDirectory C:\Users\NOVENKAT\OneDrive - Capgemini\Desktop\personal\Training\java\SpringAssignment\src\main\resources
2022-06-28 13:21:07,155 [Worker-77: Building] INFO  o.e.m.c.i.embedder.EclipseLogger - Using 'UTF-8' encoding to copy filtered resources.
2022-06-28 13:21:07,155 [Worker-77: Building] INFO  o.e.m.c.i.embedder.EclipseLogger - skip non existing resourceDirectory C:\Users\NOVENKAT\OneDrive - Capgemini\Desktop\personal\Training\java\SpringAssignment\src\test\resources
2022-06-28 13:27:41,394 [Worker-0: Loading available Gradle versions] INFO  o.e.b.c.i.u.g.PublishedGradleVersions - Gradle version information cache is up-to-date. Trying to read.
2022-06-28 13:37:17,477 [Worker-22: Building] INFO  o.e.m.c.i.embedder.EclipseLogger - Using 'UTF-8' encoding to copy filtered resources.
2022-06-28 13:37:17,480 [Worker-22: Building] INFO  o.e.m.c.i.embedder.EclipseLogger - skip non existing resourceDirectory C:\Users\NOVENKAT\OneDrive - Capgemini\Desktop\personal\Training\java\SpringAssignment\src\main\resources
2022-06-28 13:37:17,484 [Worker-22: Building] INFO  o.e.m.c.i.embedder.EclipseLogger - Using 'UTF-8' encoding to copy filtered resources.
2022-06-28 13:37:17,484 [Worker-22: Building] INFO  o.e.m.c.i.embedder.EclipseLogger - skip non existing resourceDirectory C:\Users\NOVENKAT\OneDrive - Capgemini\Desktop\personal\Training\java\SpringAssignment\src\test\resources
2022-06-28 13:41:53,299 [Worker-25: Building] INFO  o.e.m.c.i.embedder.EclipseLogger - Using 'UTF-8' encoding to copy filtered resources.
2022-06-28 13:41:53,301 [Worker-25: Building] INFO  o.e.m.c.i.embedder.EclipseLogger - skip non existing resourceDirectory C:\Users\NOVENKAT\OneDrive - Capgemini\Desktop\personal\Training\java\SpringAssignment\src\main\resources
2022-06-28 13:41:53,306 [Worker-25: Building] INFO  o.e.m.c.i.embedder.EclipseLogger - Using 'UTF-8' encoding to copy filtered resources.
2022-06-28 13:41:53,306 [Worker-25: Building] INFO  o.e.m.c.i.embedder.EclipseLogger - skip non existing resourceDirectory C:\Users\NOVENKAT\OneDrive - Capgemini\Desktop\personal\Training\java\SpringAssignment\src\test\resources
2022-06-28 13:43:10,776 [Worker-9: Building] INFO  o.e.m.c.i.embedder.EclipseLogger - Using 'UTF-8' encoding to copy filtered resources.
2022-06-28 13:43:10,777 [Worker-9: Building] INFO  o.e.m.c.i.embedder.EclipseLogger - skip non existing resourceDirectory C:\Users\NOVENKAT\OneDrive - Capgemini\Desktop\personal\Training\java\SpringAssignment\src\main\resources
2022-06-28 13:43:10,778 [Worker-9: Building] INFO  o.e.m.c.i.embedder.EclipseLogger - Using 'UTF-8' encoding to copy filtered resources.
2022-06-28 13:43:10,779 [Worker-9: Building] INFO  o.e.m.c.i.embedder.EclipseLogger - skip non existing resourceDirectory C:\Users\NOVENKAT\OneDrive - Capgemini\Desktop\personal\Training\java\SpringAssignment\src\test\resources
2022-06-28 13:44:57,623 [Worker-26: Building] INFO  o.e.m.c.i.embedder.EclipseLogger - Using 'UTF-8' encoding to copy filtered resources.
2022-06-28 13:44:57,624 [Worker-26: Building] INFO  o.e.m.c.i.embedder.EclipseLogger - skip non existing resourceDirectory C:\Users\NOVENKAT\OneDrive - Capgemini\Desktop\personal\Training\java\SpringAssignment\src\main\resources
2022-06-28 13:44:57,624 [Worker-26: Building] INFO  o.e.m.c.i.embedder.EclipseLogger - Using 'UTF-8' encoding to copy filtered resources.
2022-06-28 13:44:57,624 [Worker-26: Building] INFO  o.e.m.c.i.embedder.EclipseLogger - skip non existing resourceDirectory C:\Users\NOVENKAT\OneDrive - Capgemini\Desktop\personal\Training\java\SpringAssignment\src\test\resources
2022-06-28 13:47:48,375 [Worker-9: Building] INFO  o.e.m.c.i.embedder.EclipseLogger - Using 'UTF-8' encoding to copy filtered resources.
2022-06-28 13:47:48,376 [Worker-9: Building] INFO  o.e.m.c.i.embedder.EclipseLogger - skip non existing resourceDirectory C:\Users\NOVENKAT\OneDrive - Capgemini\Desktop\personal\Training\java\SpringAssignment\src\main\resources
2022-06-28 13:47:48,377 [Worker-9: Building] INFO  o.e.m.c.i.embedder.EclipseLogger - Using 'UTF-8' encoding to copy filtered resources.
2022-06-28 13:47:48,377 [Worker-9: Building] INFO  o.e.m.c.i.embedder.EclipseLogger - skip non existing resourceDirectory C:\Users\NOVENKAT\OneDrive - Capgemini\Desktop\personal\Training\java\SpringAssignment\src\test\resources
2022-06-28 13:48:02,876 [Worker-27: Building] INFO  o.e.m.c.i.embedder.EclipseLogger - Using 'UTF-8' encoding to copy filtered resources.
2022-06-28 13:48:02,877 [Worker-27: Building] INFO  o.e.m.c.i.embedder.EclipseLogger - skip non existing resourceDirectory C:\Users\NOVENKAT\OneDrive - Capgemini\Desktop\personal\Training\java\SpringAssignment\src\main\resources
2022-06-28 13:48:02,878 [Worker-27: Building] INFO  o.e.m.c.i.embedder.EclipseLogger - Using 'UTF-8' encoding to copy filtered resources.
2022-06-28 13:48:02,879 [Worker-27: Building] INFO  o.e.m.c.i.embedder.EclipseLogger - skip non existing resourceDirectory C:\Users\NOVENKAT\OneDrive - Capgemini\Desktop\personal\Training\java\SpringAssignment\src\test\resources
2022-06-28 13:48:21,335 [Worker-22: Launching Test (1)] INFO  o.e.m.c.i.embedder.EclipseLogger - Using 'UTF-8' encoding to copy filtered resources.
2022-06-28 13:48:21,337 [Worker-22: Launching Test (1)] INFO  o.e.m.c.i.embedder.EclipseLogger - skip non existing resourceDirectory C:\Users\NOVENKAT\OneDrive - Capgemini\Desktop\personal\Training\java\SpringAssignment\src\main\resources
2022-06-28 13:48:21,342 [Worker-22: Launching Test (1)] INFO  o.e.m.c.i.embedder.EclipseLogger - Using 'UTF-8' encoding to copy filtered resources.
2022-06-28 13:48:21,342 [Worker-22: Launching Test (1)] INFO  o.e.m.c.i.embedder.EclipseLogger - skip non existing resourceDirectory C:\Users\NOVENKAT\OneDrive - Capgemini\Desktop\personal\Training\java\SpringAssignment\src\test\resources
2022-06-28 13:49:25,896 [Worker-25: Building] INFO  o.e.m.c.i.embedder.EclipseLogger - Using 'UTF-8' encoding to copy filtered resources.
2022-06-28 13:49:25,897 [Worker-25: Building] INFO  o.e.m.c.i.embedder.EclipseLogger - skip non existing resourceDirectory C:\Users\NOVENKAT\OneDrive - Capgemini\Desktop\personal\Training\java\SpringAssignment\src\main\resources
2022-06-28 13:49:25,898 [Worker-25: Building] INFO  o.e.m.c.i.embedder.EclipseLogger - Using 'UTF-8' encoding to copy filtered resources.
2022-06-28 13:49:25,898 [Worker-25: Building] INFO  o.e.m.c.i.embedder.EclipseLogger - skip non existing resourceDirectory C:\Users\NOVENKAT\OneDrive - Capgemini\Desktop\personal\Training\java\SpringAssignment\src\test\resources
